FILE_TYPE=LIBRARY_PARTS;
PRIMITIVE 'CBR02C709B5GAC','CBR02C709B5GAC_Capacitor Chip Non-polarised';
  PIN
    '1':
      PIN_NUMBER='(1)';
      NO_LOAD_CHECK=BOTH;
      NO_IO_CHECK=BOTH;
      ALLOW_CONNECT=TRUE;
      PINUSE='UNSPEC';
    '2':
      PIN_NUMBER='(2)';
      NO_LOAD_CHECK=BOTH;
      NO_IO_CHECK=BOTH;
      ALLOW_CONNECT=TRUE;
      PINUSE='UNSPEC';
  END_PIN;
  BODY
    PART_NAME='CBR02C709B5GAC';
    PHYS_DES_PREFIX='C';
    NO_LOAD_CHECK='TRUE';
    PIN_COUNT='2';
    BODY_NAME='CBR02C709B5GAC';
    JEDEC_TYPE='CAPC0603X33N';
  END_BODY;
END_PRIMITIVE;
END.
