Added Component: Designator=C41(CAPC17595_87N_KEM)
Add component (AddParameter): Name = "Manufacturer_Part_Number"; Value = "CC0603KRX5R5BB106"; VariantName = "[No Variations]"
Added Component: Designator=C42(CAPC17595_87N_KEM)
Add component (AddParameter): Name = "Manufacturer_Part_Number"; Value = "CC0603KRX5R5BB106"; VariantName = "[No Variations]"
Added Component: Designator=C43(CAPC17595_87N_KEM)
Add component (AddParameter): Name = "Manufacturer_Part_Number"; Value = "CC0603KRX7R9BB104"; VariantName = "[No Variations]"
Added Component: Designator=C44(CAPC17595_87N_KEM)
Added Component: Designator=C45(CAPC17595_87N_KEM)
Add component (AddParameter): Name = "Manufacturer_Part_Number"; Value = "CC0603KRX7R9BB104"; VariantName = "[No Variations]"
Added Component: Designator=C46(CAPC2012X145N)
Add component (AddParameter): Name = "Arrow Part Number"; Value = "CC0805KKX5R8BB106"; VariantName = "[No Variations]"
Add component (AddParameter): Name = "Arrow Price/Stock"; Value = "https://www.arrow.com/en/products/cc0805kkx5r8bb106/yageo?utm_currency=USD&region=nac"; VariantName = "[No Variations]"
Add component (AddParameter): Name = "Datasheet Link"; Value = "https://www.yageo.com/upload/media/product/productsearch/datasheet/mlcc/UPY-GPHC_X5R_4V-to-50V_27.pdf"; VariantName = "[No Variations]"
Add component (AddParameter): Name = "Geometry.Height"; Value = "1.45mm"; VariantName = "[No Variations]"
Add component (AddParameter): Name = "Manufacturer_Name"; Value = "YAGEO"; VariantName = "[No Variations]"
Add component (AddParameter): Name = "Manufacturer_Part_Number"; Value = "CC0805KKX5R8BB106"; VariantName = "[No Variations]"
Add component (AddParameter): Name = "Mouser Part Number"; Value = "603-CC805KKX5R8BB106"; VariantName = "[No Variations]"
Add component (AddParameter): Name = "Mouser Price/Stock"; Value = "https://www.mouser.co.uk/ProductDetail/YAGEO/CC0805KKX5R8BB106?qs=57cj7OiSijm89pM64t1AGQ%3D%3D"; VariantName = "[No Variations]"
Added Component: Designator=C47(CAPC2012X145N)
Add component (AddParameter): Name = "Arrow Part Number"; Value = "CC0805KKX5R8BB106"; VariantName = "[No Variations]"
Add component (AddParameter): Name = "Arrow Price/Stock"; Value = "https://www.arrow.com/en/products/cc0805kkx5r8bb106/yageo?utm_currency=USD&region=nac"; VariantName = "[No Variations]"
Add component (AddParameter): Name = "Datasheet Link"; Value = "https://www.yageo.com/upload/media/product/productsearch/datasheet/mlcc/UPY-GPHC_X5R_4V-to-50V_27.pdf"; VariantName = "[No Variations]"
Add component (AddParameter): Name = "Geometry.Height"; Value = "1.45mm"; VariantName = "[No Variations]"
Add component (AddParameter): Name = "Manufacturer_Name"; Value = "YAGEO"; VariantName = "[No Variations]"
Add component (AddParameter): Name = "Manufacturer_Part_Number"; Value = "CC0805KKX5R8BB106"; VariantName = "[No Variations]"
Add component (AddParameter): Name = "Mouser Part Number"; Value = "603-CC805KKX5R8BB106"; VariantName = "[No Variations]"
Add component (AddParameter): Name = "Mouser Price/Stock"; Value = "https://www.mouser.co.uk/ProductDetail/YAGEO/CC0805KKX5R8BB106?qs=57cj7OiSijm89pM64t1AGQ%3D%3D"; VariantName = "[No Variations]"
Added Component: Designator=C48(CAP_CC0201_YAG)
Add component (AddParameter): Name = "Copyright"; Value = "Copyright (C) 2025 Ultra Librarian. All rights reserved."; VariantName = "[No Variations]"
Add component (AddParameter): Name = "Design Item ID"; Value = "CC0201MRX5R5BB105"; VariantName = "[No Variations]"
Add component (AddParameter): Name = "Manufacturer_Name"; Value = "Yageo"; VariantName = "[No Variations]"
Add component (AddParameter): Name = "Manufacturer_Part_Number"; Value = "CC0201MRX5R5BB105"; VariantName = "[No Variations]"
Add component (AddParameter): Name = "RefDes"; Value = ""; VariantName = "[No Variations]"
Add component (AddParameter): Name = "Source"; Value = "CC0201MRX5R5BB105.SchLib"; VariantName = "[No Variations]"
Add component (AddParameter): Name = "Type"; Value = ""; VariantName = "[No Variations]"
Added Component: Designator=L1(MPL-AT2512-XXX)
Add component (AddParameter): Name = "Manufacturer_Part_Number"; Value = "MPL-AT2512-3R3"; VariantName = "[No Variations]"
Added Component: Designator=R11(RC0603N_PAN)
Add component (AddParameter): Name = "Manufacturer_Part_Number"; Value = "RT0603BRD07976KL"; VariantName = "[No Variations]"
Added Component: Designator=R12(RC0603N_PAN)
Add component (AddParameter): Name = "Manufacturer_Part_Number"; Value = "RT0603BRD07220KL"; VariantName = "[No Variations]"
Added Component: Designator=U8(QFN-8_1p5MMx2MM_MNP)
Add component (AddParameter): Name = "Copyright"; Value = "Copyright (C) 2025 Ultra Librarian. All rights reserved."; VariantName = "[No Variations]"
Add component (AddParameter): Name = "Datasheet"; Value = "https://www.monolithicpower.com/en/documentview/productdocument/index/version/2/document_type/Datasheet/lang/en/sku/MP2322"; VariantName = "[No Variations]"
Add component (AddParameter): Name = "Manufacturer_Name"; Value = "Monolithic Power Systems"; VariantName = "[No Variations]"
Add component (AddParameter): Name = "Manufacturer_Part_Number"; Value = "MP2322GQH-P"; VariantName = "[No Variations]"
Add component (AddParameter): Name = "RefDes"; Value = "RefDes"; VariantName = "[No Variations]"
Add component (AddParameter): Name = "Type"; Value = "Type"; VariantName = "[No Variations]"
Added Pin To Net: NetName=NetC43_1 Pin=C43-1
Added Pin To Net: NetName=NetC43_1 Pin=L1-2
Added Pin To Net: NetName=NetC43_1 Pin=U8-8
Added Net: Name=NetC43_1
Added Pin To Net: NetName=NetC43_2 Pin=C43-2
Added Pin To Net: NetName=NetC43_2 Pin=U8-7
Added Net: Name=NetC43_2
Added Pin To Net: NetName=NetC48_2 Pin=C48-2
Added Pin To Net: NetName=NetC48_2 Pin=U8-4
Added Net: Name=NetC48_2
Added Pin To Net: NetName=NetR11_2 Pin=R11-2
Added Pin To Net: NetName=NetR11_2 Pin=R12-1
Added Pin To Net: NetName=NetR11_2 Pin=U8-5
Added Net: Name=NetR11_2
Added Class: Name=M13
