Removed Member From Class: ClassName=hall Member=M0
Added Component: Designator=C40(CAP_CC0201_YAG)
Add component (AddParameter): Name = "Capacitor Type"; Value = ""; VariantName = "[No Variations]"
Add component (AddParameter): Name = "Case/Package"; Value = ""; VariantName = "[No Variations]"
Add component (AddParameter): Name = "Copyright"; Value = "Copyright (C) 2025 Ultra Librarian. All rights reserved."; VariantName = "[No Variations]"
Add component (AddParameter): Name = "Design Item ID"; Value = "CC0201KRX5R7BB104"; VariantName = "[No Variations]"
Add component (AddParameter): Name = "Manufacturer_Name"; Value = "Yageo"; VariantName = "[No Variations]"
Add component (AddParameter): Name = "Manufacturer_Part_Number"; Value = "CC0201KRX5R7BB104"; VariantName = "[No Variations]"
Add component (AddParameter): Name = "Max Operating Temperature"; Value = ""; VariantName = "[No Variations]"
Add component (AddParameter): Name = "Min Operating Temperature"; Value = ""; VariantName = "[No Variations]"
Add component (AddParameter): Name = "Mounting Technology"; Value = ""; VariantName = "[No Variations]"
Add component (AddParameter): Name = "Pins"; Value = ""; VariantName = "[No Variations]"
Add component (AddParameter): Name = "RefDes"; Value = ""; VariantName = "[No Variations]"
Add component (AddParameter): Name = "Ripple Current"; Value = ""; VariantName = "[No Variations]"
Add component (AddParameter): Name = "Ripple Current (AC)"; Value = ""; VariantName = "[No Variations]"
Add component (AddParameter): Name = "RoHS Compliant"; Value = ""; VariantName = "[No Variations]"
Add component (AddParameter): Name = "Source"; Value = "CC0201KRX5R7BB104.SchLib"; VariantName = "[No Variations]"
Add component (AddParameter): Name = "Tolerance"; Value = ""; VariantName = "[No Variations]"
Add component (AddParameter): Name = "Type"; Value = ""; VariantName = "[No Variations]"
Add component (AddParameter): Name = "Value"; Value = ""; VariantName = "[No Variations]"
Add component (AddParameter): Name = "Voltage Rating"; Value = ""; VariantName = "[No Variations]"
Added Pin To Net: NetName=3V3 Pin=C40-1
Added Pin To Net: NetName=GND Pin=C40-2
Added Pin To Net: NetName=GND Pin=U6-7
Added Pin To Net: NetName=3V3 Pin=U6-14
Added Pin To Net: NetName=GND Pin=U6-15
Added Member To Class: ClassName=M0 Member=Component C40 0.1u
Added Member To Class: ClassName=hall Member=M1 (hall.SchDoc)
Change Room Name: Old Name=RoomDefinition_1 New Name=M1
Change Room Name: Old Name=RoomDefinition_6 New Name=M2
Change Room Name: Old Name=RoomDefinition New Name=M3
Change Room Name: Old Name=RoomDefinition_7 New Name=M4
Change Room Name: Old Name=RoomDefinition_2 New Name=M5
Change Room Name: Old Name=RoomDefinition_8 New Name=M6
Change Room Name: Old Name=RoomDefinition_3 New Name=M7
Change Room Name: Old Name=RoomDefinition_9 New Name=M8
Change Room Name: Old Name=RoomDefinition_4 New Name=M9
Change Room Name: Old Name=RoomDefinition_10 New Name=M10
Change Room Name: Old Name=RoomDefinition_5 New Name=M11
Change Room Name: Old Name=RoomDefinition_11 New Name=M12
